android/app/build/intermediates/manifest_merge_blame_file/release/manifest-merger-blame-release-report.txt
1<?xml version="1.0" encoding="utf-8"?>
2<manifest xmlns:android="http://schemas.android.com/apk/res/android"
3    package="com.umobile"
4    android:versionCode="1"
5    android:versionName="1.0" >
6
7    <uses-sdk
8        android:minSdkVersion="21"
8-->src\main\AndroidManifest.xml
9        android:targetSdkVersion="31" />
9-->src\main\AndroidManifest.xml
10
11    <uses-permission android:name="android.permission.INTERNET" />
11-->src\main\AndroidManifest.xml:4:5-67
11-->src\main\AndroidManifest.xml:4:22-64
12    <uses-permission android:name="android.permission.ACCESS_NETWORK_STATE" />
12-->[:react-native-community_netinfo] AndroidManifest.xml:9:5-79
12-->[:react-native-community_netinfo] AndroidManifest.xml:9:22-76
13    <uses-permission android:name="android.permission.ACCESS_WIFI_STATE" />
13-->[:react-native-community_netinfo] AndroidManifest.xml:10:5-76
13-->[:react-native-community_netinfo] AndroidManifest.xml:10:22-73
14    <uses-permission android:name="android.permission.WRITE_EXTERNAL_STORAGE" />
14-->[:react-native-fs] AndroidManifest.xml:9:5-81
14-->[:react-native-fs] AndroidManifest.xml:9:22-78
15    <uses-permission android:name="android.permission.READ_CONTACTS" /> <!-- Required to access Google Play Licensing -->
15-->[:react-native-select-contact] AndroidManifest.xml:9:5-72
15-->[:react-native-select-contact] AndroidManifest.xml:9:22-69
16    <uses-permission android:name="com.android.vending.CHECK_LICENSE" />
16-->[:rn-fetch-blob] AndroidManifest.xml:10:5-73
16-->[:rn-fetch-blob] AndroidManifest.xml:10:22-70
17    <!--
18         Required to keep CPU alive while downloading files
19        (NOT to keep screen awake)
20    -->
21    <uses-permission android:name="android.permission.WAKE_LOCK" />
21-->[:rn-fetch-blob] AndroidManifest.xml:19:5-68
21-->[:rn-fetch-blob] AndroidManifest.xml:19:22-65
22
23    <application
23-->src\main\AndroidManifest.xml:6:5-25:19
24        android:name="com.umobile.MainApplication"
24-->src\main\AndroidManifest.xml:7:7-38
25        android:allowBackup="false"
25-->src\main\AndroidManifest.xml:11:7-34
26        android:appComponentFactory="androidx.core.app.CoreComponentFactory"
26-->[androidx.core:core:1.6.0] AndroidManifest.xml:24:18-86
27        android:icon="@mipmap/ic_launcher"
27-->src\main\AndroidManifest.xml:9:7-41
28        android:label="@string/app_name"
28-->src\main\AndroidManifest.xml:8:7-39
29        android:roundIcon="@mipmap/ic_launcher_round"
29-->src\main\AndroidManifest.xml:10:7-52
30        android:supportsRtl="true"
30-->[com.cashfree.pg:android-sdk:1.7.28] AndroidManifest.xml:20:9-35
31        android:theme="@style/AppTheme" >
31-->src\main\AndroidManifest.xml:12:7-38
32        <activity
32-->src\main\AndroidManifest.xml:13:7-24:18
33            android:name="com.umobile.MainActivity"
33-->src\main\AndroidManifest.xml:14:9-37
34            android:configChanges="keyboard|keyboardHidden|orientation|screenLayout|screenSize|smallestScreenSize|uiMode"
34-->src\main\AndroidManifest.xml:16:9-118
35            android:exported="true"
35-->src\main\AndroidManifest.xml:19:9-32
36            android:label="@string/app_name"
36-->src\main\AndroidManifest.xml:15:9-41
37            android:launchMode="singleTask"
37-->src\main\AndroidManifest.xml:17:9-40
38            android:windowSoftInputMode="adjustResize" >
38-->src\main\AndroidManifest.xml:18:9-51
39            <intent-filter>
39-->src\main\AndroidManifest.xml:20:9-23:25
40                <action android:name="android.intent.action.MAIN" />
40-->src\main\AndroidManifest.xml:21:13-65
40-->src\main\AndroidManifest.xml:21:21-62
41
42                <category android:name="android.intent.category.LAUNCHER" />
42-->src\main\AndroidManifest.xml:22:13-73
42-->src\main\AndroidManifest.xml:22:23-70
43            </intent-filter>
44        </activity>
45
46        <provider
46-->[:react-native-image-picker] AndroidManifest.xml:10:9-18:20
47            android:name="com.imagepicker.ImagePickerProvider"
47-->[:react-native-image-picker] AndroidManifest.xml:11:13-63
48            android:authorities="com.umobile.imagepickerprovider"
48-->[:react-native-image-picker] AndroidManifest.xml:12:13-71
49            android:exported="false"
49-->[:react-native-image-picker] AndroidManifest.xml:13:13-37
50            android:grantUriPermissions="true" >
50-->[:react-native-image-picker] AndroidManifest.xml:14:13-47
51            <meta-data
51-->[:react-native-image-picker] AndroidManifest.xml:15:13-17:70
52                android:name="android.support.FILE_PROVIDER_PATHS"
52-->[:react-native-image-picker] AndroidManifest.xml:16:17-67
53                android:resource="@xml/imagepicker_provider_paths" />
53-->[:react-native-image-picker] AndroidManifest.xml:17:17-67
54        </provider>
55
56        <meta-data
56-->[:react-native-pg-react-native-sdk] AndroidManifest.xml:10:9-12:69
57            android:name="com.google.android.gms.version"
57-->[:react-native-pg-react-native-sdk] AndroidManifest.xml:11:13-58
58            android:value="@integer/google_play_services_version" />
58-->[:react-native-pg-react-native-sdk] AndroidManifest.xml:12:13-66
59
60        <provider
60-->[:rn-fetch-blob] AndroidManifest.xml:34:9-42:20
61            android:name="com.RNFetchBlob.Utils.FileProvider"
61-->[:rn-fetch-blob] AndroidManifest.xml:35:13-62
62            android:authorities="com.umobile.provider"
62-->[:rn-fetch-blob] AndroidManifest.xml:36:13-60
63            android:exported="false"
63-->[:rn-fetch-blob] AndroidManifest.xml:37:13-37
64            android:grantUriPermissions="true" >
64-->[:rn-fetch-blob] AndroidManifest.xml:38:13-47
65            <meta-data
65-->[:react-native-image-picker] AndroidManifest.xml:15:13-17:70
66                android:name="android.support.FILE_PROVIDER_PATHS"
66-->[:react-native-image-picker] AndroidManifest.xml:16:17-67
67                android:resource="@xml/provider_paths" />
67-->[:react-native-image-picker] AndroidManifest.xml:17:17-67
68        </provider>
69
70        <activity
70-->[com.cashfree.pg:android-sdk:1.7.28] AndroidManifest.xml:22:9-25:72
71            android:name="com.cashfree.pg.ui.web_checkout.CFPaymentActivity"
71-->[com.cashfree.pg:android-sdk:1.7.28] AndroidManifest.xml:23:13-77
72            android:exported="false"
72-->[com.cashfree.pg:android-sdk:1.7.28] AndroidManifest.xml:24:13-37
73            android:theme="@style/Theme.AppCompat.Light.NoActionBar" />
73-->[com.cashfree.pg:android-sdk:1.7.28] AndroidManifest.xml:25:13-69
74        <activity
74-->[com.cashfree.pg:android-sdk:1.7.28] AndroidManifest.xml:26:9-29:66
75            android:name="com.cashfree.pg.ui.CFResponseHandlerActivity"
75-->[com.cashfree.pg:android-sdk:1.7.28] AndroidManifest.xml:27:13-72
76            android:exported="false"
76-->[com.cashfree.pg:android-sdk:1.7.28] AndroidManifest.xml:28:13-37
77            android:theme="@style/Theme.AppCompat.Translucent" />
77-->[com.cashfree.pg:android-sdk:1.7.28] AndroidManifest.xml:29:13-63
78        <activity
78-->[com.cashfree.pg:android-sdk:1.7.28] AndroidManifest.xml:30:9-33:66
79            android:name="com.cashfree.pg.ui.upi.CFUPIPaymentActivity"
79-->[com.cashfree.pg:android-sdk:1.7.28] AndroidManifest.xml:31:13-71
80            android:exported="false"
80-->[com.cashfree.pg:android-sdk:1.7.28] AndroidManifest.xml:32:13-37
81            android:theme="@style/Theme.AppCompat.Translucent" />
81-->[com.cashfree.pg:android-sdk:1.7.28] AndroidManifest.xml:33:13-63
82        <activity
82-->[com.cashfree.pg:android-sdk:1.7.28] AndroidManifest.xml:34:9-37:66
83            android:name="com.cashfree.pg.ui.amazonpay.AmazonPayActivity"
83-->[com.cashfree.pg:android-sdk:1.7.28] AndroidManifest.xml:35:13-74
84            android:exported="false"
84-->[com.cashfree.pg:android-sdk:1.7.28] AndroidManifest.xml:36:13-37
85            android:theme="@style/Theme.AppCompat.Translucent" />
85-->[com.cashfree.pg:android-sdk:1.7.28] AndroidManifest.xml:37:13-63
86        <activity
86-->[com.cashfree.pg:android-sdk:1.7.28] AndroidManifest.xml:38:9-41:66
87            android:name="com.cashfree.pg.ui.gpay.GooglePayActivity"
87-->[com.cashfree.pg:android-sdk:1.7.28] AndroidManifest.xml:39:13-69
88            android:exported="false"
88-->[com.cashfree.pg:android-sdk:1.7.28] AndroidManifest.xml:40:13-37
89            android:theme="@style/Theme.AppCompat.Translucent" />
89-->[com.cashfree.pg:android-sdk:1.7.28] AndroidManifest.xml:41:13-63
90        <activity
90-->[com.cashfree.pg:android-sdk:1.7.28] AndroidManifest.xml:42:9-45:66
91            android:name="com.cashfree.pg.ui.phonepe.CFPhonePayActivity"
91-->[com.cashfree.pg:android-sdk:1.7.28] AndroidManifest.xml:43:13-73
92            android:exported="false"
92-->[com.cashfree.pg:android-sdk:1.7.28] AndroidManifest.xml:44:13-37
93            android:theme="@style/Theme.AppCompat.Translucent" />
93-->[com.cashfree.pg:android-sdk:1.7.28] AndroidManifest.xml:45:13-63
94        <activity
94-->[com.cashfree.pg:android-sdk:1.7.28] AndroidManifest.xml:46:9-49:72
95            android:name="com.cashfree.pg.ui.simulator.CFUPITestAppActivity"
95-->[com.cashfree.pg:android-sdk:1.7.28] AndroidManifest.xml:47:13-77
96            android:exported="false"
96-->[com.cashfree.pg:android-sdk:1.7.28] AndroidManifest.xml:48:13-37
97            android:theme="@style/Theme.AppCompat.Light.NoActionBar" />
97-->[com.cashfree.pg:android-sdk:1.7.28] AndroidManifest.xml:49:13-69
98        <activity
98-->[com.cashfree.pg:android-sdk:1.7.28] AndroidManifest.xml:50:9-53:66
99            android:name="com.cashfree.pg.ui.simulator.CFUPITestActivity"
99-->[com.cashfree.pg:android-sdk:1.7.28] AndroidManifest.xml:51:13-74
100            android:exported="false"
100-->[com.cashfree.pg:android-sdk:1.7.28] AndroidManifest.xml:52:13-37
101            android:theme="@style/Theme.AppCompat.Translucent" />
101-->[com.cashfree.pg:android-sdk:1.7.28] AndroidManifest.xml:53:13-63
102
103        <provider
103-->[com.cashfree.pg:android-sdk:1.7.28] AndroidManifest.xml:55:9-58:40
104            android:name="com.cashfree.pg.CashfreeAndroidSdkContentProvider"
104-->[com.cashfree.pg:android-sdk:1.7.28] AndroidManifest.xml:56:13-77
105            android:authorities="com.umobile.cashfreeandroidsdkcontentprovider"
105-->[com.cashfree.pg:android-sdk:1.7.28] AndroidManifest.xml:57:13-85
106            android:exported="false" />
106-->[com.cashfree.pg:android-sdk:1.7.28] AndroidManifest.xml:58:13-37
107
108        <meta-data
108-->[com.cashfree.pg:android-sdk:1.7.28] AndroidManifest.xml:60:9-62:78
109            android:name="cashfree_pg_core_auto_initialization_enabled"
109-->[com.cashfree.pg:android-sdk:1.7.28] AndroidManifest.xml:61:13-72
110            android:value="@bool/cashfree_pg_core_auto_initialize_enabled" />
110-->[com.cashfree.pg:android-sdk:1.7.28] AndroidManifest.xml:62:13-75
111        <meta-data
111-->[com.cashfree.pg:android-sdk:1.7.28] AndroidManifest.xml:63:9-65:72
112            android:name="cashfree_pg_core_reporting_enabled"
112-->[com.cashfree.pg:android-sdk:1.7.28] AndroidManifest.xml:64:13-62
113            android:value="@bool/cashfree_pg_core_reporting_enabled" />
113-->[com.cashfree.pg:android-sdk:1.7.28] AndroidManifest.xml:65:13-69
114        <meta-data
114-->[com.github.bumptech.glide:okhttp3-integration:4.12.0] AndroidManifest.xml:11:9-13:43
115            android:name="com.bumptech.glide.integration.okhttp3.OkHttpGlideModule"
115-->[com.github.bumptech.glide:okhttp3-integration:4.12.0] AndroidManifest.xml:12:13-84
116            android:value="GlideModule" />
116-->[com.github.bumptech.glide:okhttp3-integration:4.12.0] AndroidManifest.xml:13:13-40
117
118        <activity
118-->[com.google.android.gms:play-services-auth:17.0.0] AndroidManifest.xml:23:9-27:75
119            android:name="com.google.android.gms.auth.api.signin.internal.SignInHubActivity"
119-->[com.google.android.gms:play-services-auth:17.0.0] AndroidManifest.xml:24:13-93
120            android:excludeFromRecents="true"
120-->[com.google.android.gms:play-services-auth:17.0.0] AndroidManifest.xml:25:13-46
121            android:exported="false"
121-->[com.google.android.gms:play-services-auth:17.0.0] AndroidManifest.xml:26:13-37
122            android:theme="@android:style/Theme.Translucent.NoTitleBar" />
122-->[com.google.android.gms:play-services-auth:17.0.0] AndroidManifest.xml:27:13-72
123        <!--
124            Service handling Google Sign-In user revocation. For apps that do not integrate with
125            Google Sign-In, this service will never be started.
126        -->
127        <service
127-->[com.google.android.gms:play-services-auth:17.0.0] AndroidManifest.xml:33:9-36:110
128            android:name="com.google.android.gms.auth.api.signin.RevocationBoundService"
128-->[com.google.android.gms:play-services-auth:17.0.0] AndroidManifest.xml:34:13-89
129            android:exported="true"
129-->[com.google.android.gms:play-services-auth:17.0.0] AndroidManifest.xml:35:13-36
130            android:permission="com.google.android.gms.auth.api.signin.permission.REVOCATION_NOTIFICATION" />
130-->[com.google.android.gms:play-services-auth:17.0.0] AndroidManifest.xml:36:13-107
131
132        <activity
132-->[com.google.android.gms:play-services-base:17.1.0] AndroidManifest.xml:23:9-26:75
133            android:name="com.google.android.gms.common.api.GoogleApiActivity"
133-->[com.google.android.gms:play-services-base:17.1.0] AndroidManifest.xml:24:13-79
134            android:exported="false"
134-->[com.google.android.gms:play-services-base:17.1.0] AndroidManifest.xml:25:13-37
135            android:theme="@android:style/Theme.Translucent.NoTitleBar" />
135-->[com.google.android.gms:play-services-base:17.1.0] AndroidManifest.xml:26:13-72
136    </application>
137
138</manifest>